Using pre-set license

 COMMAND LINE ARGUMENTS:
/Applications/Unity/Hub/Editor/2020.2.4f1/Unity.app/Contents/MacOS/Unity
-adb2
-batchMode
-noUpm
-name
AssetImportWorker0
-projectPath
/Users/cristinatyman/Desktop/Rollaball
-logFile
Logs/AssetImportWorker0.log
-srvPort
55776
Successfully changed project path to: /Users/cristinatyman/Desktop/Rollaball
/Users/cristinatyman/Desktop/Rollaball
Using Asset Import Pipeline V2.
Refreshing native plugins compatible for Editor in 74.72 ms, found 1 plugins.
Preloading 0 native plugins for Editor in 0.00 ms.
Initialize engine version: 2020.2.4f1 (becced5a802b)
[Subsystems] Discovering subsystems at path /Applications/Unity/Hub/Editor/2020.2.4f1/Unity.app/Contents/Resources/UnitySubsystems
[Subsystems] Discovering subsystems at path /Users/cristinatyman/Desktop/Rollaball/Assets
GfxDevice: creating device client; threaded=0
2024-04-15 13:05:23.055 Unity[75321:3104342] Color LCD preferred device: Intel(R) Iris(TM) Plus Graphics (low power)
2024-04-15 13:05:23.055 Unity[75321:3104342] Metal devices available: 1
2024-04-15 13:05:23.055 Unity[75321:3104342] 0: Intel(R) Iris(TM) Plus Graphics (low power)
2024-04-15 13:05:23.056 Unity[75321:3104342] Using device Intel(R) Iris(TM) Plus Graphics (low power)
Initializing Metal device caps: Intel(R) Iris(TM) Plus Graphics
Shader 'Universal Render Pipeline/Particles/Lit': fallback shader 'Universal Render Pipeline/Particles/SimpleLit' not found
Initialize mono
Mono path[0] = '/Applications/Unity/Hub/Editor/2020.2.4f1/Unity.app/Contents/Managed'
Mono path[1] = '/Applications/Unity/Hub/Editor/2020.2.4f1/Unity.app/Contents/MonoBleedingEdge/lib/mono/unityjit'
Mono config path = '/Applications/Unity/Hub/Editor/2020.2.4f1/Unity.app/Contents/MonoBleedingEdge/etc'
Using monoOptions --debugger-agent=transport=dt_socket,embedding=1,server=y,suspend=n,address=127.0.0.1:56321
Begin MonoManager ReloadAssembly
Registering precompiled unity dll's ...
Register platform support module: /Applications/Unity/Hub/Editor/2020.2.4f1/Unity.app/Contents/PlaybackEngines/MacStandaloneSupport/UnityEditor.OSXStandalone.Extensions.dll
Registered in 0.002407 seconds.
Native extension for OSXStandalone target not found
Refreshing native plugins compatible for Editor in 152.90 ms, found 1 plugins.
Preloading 0 native plugins for Editor in 0.00 ms.
Invoked RoslynAnalysisRunner static constructor.
RoslynAnalysisRunner will not be running.
RoslynAnalysisRunner has terminated.
Mono: successfully reloaded assembly
- Completed reload, in  2.854 seconds
Platform modules already initialized, skipping
Registering precompiled user dll's ...
Registered in 0.007859 seconds.
Begin MonoManager ReloadAssembly
Native extension for OSXStandalone target not found
Refreshing native plugins compatible for Editor in 82.19 ms, found 1 plugins.
Preloading 0 native plugins for Editor in 0.00 ms.
Invoked RoslynAnalysisRunner static constructor.
RoslynAnalysisRunner will not be running.
RoslynAnalysisRunner has terminated.
Mono: successfully reloaded assembly
- Completed reload, in  2.214 seconds
Platform modules already initialized, skipping
========================================================================
Worker process is ready to serve import requests
Shader 'Universal Render Pipeline/Particles/Lit': fallback shader 'Universal Render Pipeline/Particles/SimpleLit' not found
Launching external process: /Applications/Unity/Hub/Editor/2020.2.4f1/Unity.app/Contents/Tools/UnityShaderCompiler
Launched and connected shader compiler UnityShaderCompiler after 0.02 seconds
Refreshing native plugins compatible for Editor in 0.60 ms, found 1 plugins.
Preloading 0 native plugins for Editor in 0.00 ms.
Unloading 2704 Unused Serialized files (Serialized files now loaded: 0)
System memory in use before: 194.7 MB.
System memory in use after: 194.9 MB.

Unloading 12 unused Assets to reduce memory usage. Loaded Objects now: 3150.
Total: 2.588224 ms (FindLiveObjects: 0.556360 ms CreateObjectMapping: 0.147116 ms MarkObjects: 1.801619 ms  DeleteObjects: 0.080433 ms)

========================================================================
Received Import Request.
  path: Assets/Materials/Player.mat
  artifactKey: Guid(9a053fb270ba74416871538aae2b058f) Importer(815301076,1909f56bfc062723c751e8b465ee728b)
Start importing Assets/Materials/Player.mat using Guid(9a053fb270ba74416871538aae2b058f) Importer(815301076,1909f56bfc062723c751e8b465ee728b)  -> (artifact id: '030fdb2d7a689bfded5f0fd0c0005006') in 0.563152 seconds
  Import took 0.569286 seconds .

========================================================================
Received Import Request.
  Time since last request: 153.578975 seconds.
  path: Assets/inputAction.inputactions
  artifactKey: Guid(c0a8caa40d0ce41f885bee99b2d1e0a6) Importer(815301076,1909f56bfc062723c751e8b465ee728b)
Start importing Assets/inputAction.inputactions using Guid(c0a8caa40d0ce41f885bee99b2d1e0a6) Importer(815301076,1909f56bfc062723c751e8b465ee728b)  -> (artifact id: '45e2ee490789a20da0627fcf5c6902ef') in 0.186546 seconds
  Import took 0.192761 seconds .

========================================================================
Received Import Request.
  Time since last request: 12.409211 seconds.
  path: Assets/Input
  artifactKey: Guid(bf4380e3c76864bd99538dcbd7cb9ff8) Importer(815301076,1909f56bfc062723c751e8b465ee728b)
Start importing Assets/Input using Guid(bf4380e3c76864bd99538dcbd7cb9ff8) Importer(815301076,1909f56bfc062723c751e8b465ee728b)  -> (artifact id: 'e3b47e0b905a8dc7a81a26e4021b335a') in 0.002179 seconds
  Import took 0.016334 seconds .

========================================================================
Received Import Request.
  Time since last request: 43.193892 seconds.
  path: Assets
  artifactKey: Guid(00000000000000001000000000000000) Importer(815301076,1909f56bfc062723c751e8b465ee728b)
Start importing Assets using Guid(00000000000000001000000000000000) Importer(815301076,1909f56bfc062723c751e8b465ee728b)  -> (artifact id: 'edc3feb264a98656617d3c2cb59c8f16') in 0.002871 seconds
  Import took 0.010993 seconds .

========================================================================
Received Import Request.
  Time since last request: 27.126780 seconds.
  path: Assets/Scripts
  artifactKey: Guid(f22a6b467db18433a9b97995f0b46a08) Importer(815301076,1909f56bfc062723c751e8b465ee728b)
Start importing Assets/Scripts using Guid(f22a6b467db18433a9b97995f0b46a08) Importer(815301076,1909f56bfc062723c751e8b465ee728b)  -> (artifact id: 'ca2f9f681dbe322d5ace4473a24c3480') in 0.002113 seconds
  Import took 0.007521 seconds .

========================================================================
Received Prepare
Registering precompiled user dll's ...
Registered in 0.000751 seconds.
Begin MonoManager ReloadAssembly
Native extension for OSXStandalone target not found
Refreshing native plugins compatible for Editor in 0.46 ms, found 1 plugins.
Preloading 0 native plugins for Editor in 0.00 ms.
Invoked RoslynAnalysisRunner static constructor.
RoslynAnalysisRunner will not be running.
RoslynAnalysisRunner has terminated.
Mono: successfully reloaded assembly
- Completed reload, in  1.135 seconds
Platform modules already initialized, skipping
Shader 'Universal Render Pipeline/Particles/Lit': fallback shader 'Universal Render Pipeline/Particles/SimpleLit' not found
Refreshing native plugins compatible for Editor in 0.39 ms, found 1 plugins.
Preloading 0 native plugins for Editor in 0.00 ms.
Unloading 2595 Unused Serialized files (Serialized files now loaded: 0)
System memory in use before: 204.5 MB.
System memory in use after: 204.7 MB.

Unloading 5 unused Assets to reduce memory usage. Loaded Objects now: 3231.
Total: 2.641977 ms (FindLiveObjects: 0.443998 ms CreateObjectMapping: 0.132700 ms MarkObjects: 2.042660 ms  DeleteObjects: 0.020447 ms)

========================================================================
Received Prepare
Registering precompiled user dll's ...
Registered in 0.001642 seconds.
Begin MonoManager ReloadAssembly
Native extension for OSXStandalone target not found
Refreshing native plugins compatible for Editor in 0.63 ms, found 1 plugins.
Preloading 0 native plugins for Editor in 0.00 ms.
Invoked RoslynAnalysisRunner static constructor.
RoslynAnalysisRunner will not be running.
RoslynAnalysisRunner has terminated.
Mono: successfully reloaded assembly
- Completed reload, in  1.244 seconds
Platform modules already initialized, skipping
Shader 'Universal Render Pipeline/Particles/Lit': fallback shader 'Universal Render Pipeline/Particles/SimpleLit' not found
Refreshing native plugins compatible for Editor in 0.39 ms, found 1 plugins.
Preloading 0 native plugins for Editor in 0.00 ms.
Unloading 2595 Unused Serialized files (Serialized files now loaded: 0)
System memory in use before: 205.1 MB.
System memory in use after: 205.4 MB.

Unloading 5 unused Assets to reduce memory usage. Loaded Objects now: 3233.
Total: 2.444789 ms (FindLiveObjects: 0.308582 ms CreateObjectMapping: 0.094864 ms MarkObjects: 2.019946 ms  DeleteObjects: 0.019439 ms)

========================================================================
Received Import Request.
  Time since last request: 56.482090 seconds.
  path: Assets/Scripts/PlayerController.cs
  artifactKey: Guid(c784fee32893d4a75ab38711cfd4768a) Importer(815301076,1909f56bfc062723c751e8b465ee728b)
Start importing Assets/Scripts/PlayerController.cs using Guid(c784fee32893d4a75ab38711cfd4768a) Importer(815301076,1909f56bfc062723c751e8b465ee728b)  -> (artifact id: 'a35780d6fb765fcce643a48554f70c61') in 0.636801 seconds
  Import took 0.641317 seconds .

========================================================================
Received Import Request.
  Time since last request: 274.696675 seconds.
  path: Assets/Scripts/PlayerController.cs
  artifactKey: Guid(c784fee32893d4a75ab38711cfd4768a) Importer(815301076,1909f56bfc062723c751e8b465ee728b)
Start importing Assets/Scripts/PlayerController.cs using Guid(c784fee32893d4a75ab38711cfd4768a) Importer(815301076,1909f56bfc062723c751e8b465ee728b)  -> (artifact id: 'af266f76462fb89d81025112da523e92') in 0.006179 seconds
  Import took 0.030627 seconds .

========================================================================
Received Prepare
Registering precompiled user dll's ...
Registered in 0.000924 seconds.
Begin MonoManager ReloadAssembly
Native extension for OSXStandalone target not found
Refreshing native plugins compatible for Editor in 0.66 ms, found 1 plugins.
Preloading 0 native plugins for Editor in 0.00 ms.
Invoked RoslynAnalysisRunner static constructor.
RoslynAnalysisRunner will not be running.
RoslynAnalysisRunner has terminated.
Mono: successfully reloaded assembly
- Completed reload, in  1.310 seconds
Platform modules already initialized, skipping
Shader 'Universal Render Pipeline/Particles/Lit': fallback shader 'Universal Render Pipeline/Particles/SimpleLit' not found
Refreshing native plugins compatible for Editor in 0.43 ms, found 1 plugins.
Preloading 0 native plugins for Editor in 0.00 ms.
Unloading 2595 Unused Serialized files (Serialized files now loaded: 0)
System memory in use before: 210.0 MB.
System memory in use after: 210.2 MB.

Unloading 5 unused Assets to reduce memory usage. Loaded Objects now: 3235.
Total: 3.820364 ms (FindLiveObjects: 0.455717 ms CreateObjectMapping: 0.168467 ms MarkObjects: 3.157391 ms  DeleteObjects: 0.036522 ms)

========================================================================
Received Prepare
Registering precompiled user dll's ...
Registered in 0.003078 seconds.
Begin MonoManager ReloadAssembly
Native extension for OSXStandalone target not found
Refreshing native plugins compatible for Editor in 0.43 ms, found 1 plugins.
Preloading 0 native plugins for Editor in 0.00 ms.
Invoked RoslynAnalysisRunner static constructor.
RoslynAnalysisRunner will not be running.
RoslynAnalysisRunner has terminated.
Mono: successfully reloaded assembly
- Completed reload, in  1.192 seconds
Platform modules already initialized, skipping
Shader 'Universal Render Pipeline/Particles/Lit': fallback shader 'Universal Render Pipeline/Particles/SimpleLit' not found
Refreshing native plugins compatible for Editor in 0.43 ms, found 1 plugins.
Preloading 0 native plugins for Editor in 0.00 ms.
Unloading 2595 Unused Serialized files (Serialized files now loaded: 0)
System memory in use before: 210.6 MB.
System memory in use after: 210.8 MB.

Unloading 5 unused Assets to reduce memory usage. Loaded Objects now: 3237.
Total: 2.887746 ms (FindLiveObjects: 0.415822 ms CreateObjectMapping: 0.161926 ms MarkObjects: 2.284434 ms  DeleteObjects: 0.023182 ms)

========================================================================
Received Import Request.
  Time since last request: 117.636774 seconds.
  path: Assets/Scripts/PlayerController.cs
  artifactKey: Guid(c784fee32893d4a75ab38711cfd4768a) Importer(815301076,1909f56bfc062723c751e8b465ee728b)
Start importing Assets/Scripts/PlayerController.cs using Guid(c784fee32893d4a75ab38711cfd4768a) Importer(815301076,1909f56bfc062723c751e8b465ee728b)  -> (artifact id: '038d51b24f6d7d61d4bf5978412aba74') in 0.005917 seconds
  Import took 0.010936 seconds .

========================================================================
Received Import Request.
  Time since last request: 0.570945 seconds.
  path: Assets/Scripts/PlayerController.cs
  artifactKey: Guid(c784fee32893d4a75ab38711cfd4768a) Importer(815301076,1909f56bfc062723c751e8b465ee728b)
Start importing Assets/Scripts/PlayerController.cs using Guid(c784fee32893d4a75ab38711cfd4768a) Importer(815301076,1909f56bfc062723c751e8b465ee728b)  -> (artifact id: '038d51b24f6d7d61d4bf5978412aba74') in 0.001902 seconds
  Import took 0.007754 seconds .

========================================================================
Received Prepare
Registering precompiled user dll's ...
Registered in 0.001787 seconds.
Begin MonoManager ReloadAssembly
Native extension for OSXStandalone target not found
Refreshing native plugins compatible for Editor in 0.82 ms, found 1 plugins.
Preloading 0 native plugins for Editor in 0.00 ms.
Invoked RoslynAnalysisRunner static constructor.
RoslynAnalysisRunner will not be running.
RoslynAnalysisRunner has terminated.
Mono: successfully reloaded assembly
- Completed reload, in  1.687 seconds
Platform modules already initialized, skipping
Shader 'Universal Render Pipeline/Particles/Lit': fallback shader 'Universal Render Pipeline/Particles/SimpleLit' not found
Refreshing native plugins compatible for Editor in 0.50 ms, found 1 plugins.
Preloading 0 native plugins for Editor in 0.00 ms.
Unloading 2595 Unused Serialized files (Serialized files now loaded: 0)
System memory in use before: 211.3 MB.
System memory in use after: 211.5 MB.

Unloading 5 unused Assets to reduce memory usage. Loaded Objects now: 3239.
Total: 2.652718 ms (FindLiveObjects: 0.328871 ms CreateObjectMapping: 0.107528 ms MarkObjects: 2.184595 ms  DeleteObjects: 0.030497 ms)

========================================================================
Received Prepare
Registering precompiled user dll's ...
Registered in 0.000919 seconds.
Begin MonoManager ReloadAssembly
Native extension for OSXStandalone target not found
Refreshing native plugins compatible for Editor in 0.44 ms, found 1 plugins.
Preloading 0 native plugins for Editor in 0.00 ms.
Invoked RoslynAnalysisRunner static constructor.
RoslynAnalysisRunner will not be running.
RoslynAnalysisRunner has terminated.
Mono: successfully reloaded assembly
- Completed reload, in  1.182 seconds
Platform modules already initialized, skipping
Shader 'Universal Render Pipeline/Particles/Lit': fallback shader 'Universal Render Pipeline/Particles/SimpleLit' not found
Refreshing native plugins compatible for Editor in 0.48 ms, found 1 plugins.
Preloading 0 native plugins for Editor in 0.00 ms.
Unloading 2595 Unused Serialized files (Serialized files now loaded: 0)
System memory in use before: 211.9 MB.
System memory in use after: 212.1 MB.

Unloading 5 unused Assets to reduce memory usage. Loaded Objects now: 3241.
Total: 2.430817 ms (FindLiveObjects: 0.383817 ms CreateObjectMapping: 0.108470 ms MarkObjects: 1.916390 ms  DeleteObjects: 0.020455 ms)

========================================================================
Received Prepare
Registering precompiled user dll's ...
Registered in 0.000759 seconds.
Begin MonoManager ReloadAssembly
Native extension for OSXStandalone target not found
Refreshing native plugins compatible for Editor in 0.44 ms, found 1 plugins.
Preloading 0 native plugins for Editor in 0.00 ms.
Invoked RoslynAnalysisRunner static constructor.
RoslynAnalysisRunner will not be running.
RoslynAnalysisRunner has terminated.
Mono: successfully reloaded assembly
- Completed reload, in  1.210 seconds
Platform modules already initialized, skipping
Shader 'Universal Render Pipeline/Particles/Lit': fallback shader 'Universal Render Pipeline/Particles/SimpleLit' not found
Refreshing native plugins compatible for Editor in 0.42 ms, found 1 plugins.
Preloading 0 native plugins for Editor in 0.00 ms.
Unloading 2595 Unused Serialized files (Serialized files now loaded: 0)
System memory in use before: 212.5 MB.
System memory in use after: 212.7 MB.

Unloading 5 unused Assets to reduce memory usage. Loaded Objects now: 3243.
Total: 2.133914 ms (FindLiveObjects: 0.329035 ms CreateObjectMapping: 0.090180 ms MarkObjects: 1.693642 ms  DeleteObjects: 0.019463 ms)

========================================================================
Received Prepare
Registering precompiled user dll's ...
Registered in 0.000920 seconds.
Begin MonoManager ReloadAssembly
Native extension for OSXStandalone target not found
Refreshing native plugins compatible for Editor in 1.12 ms, found 1 plugins.
Preloading 0 native plugins for Editor in 0.00 ms.
Invoked RoslynAnalysisRunner static constructor.
RoslynAnalysisRunner will not be running.
RoslynAnalysisRunner has terminated.
Mono: successfully reloaded assembly
- Completed reload, in  1.597 seconds
Platform modules already initialized, skipping
Shader 'Universal Render Pipeline/Particles/Lit': fallback shader 'Universal Render Pipeline/Particles/SimpleLit' not found
Refreshing native plugins compatible for Editor in 0.55 ms, found 1 plugins.
Preloading 0 native plugins for Editor in 0.00 ms.
Unloading 2595 Unused Serialized files (Serialized files now loaded: 0)
System memory in use before: 213.1 MB.
System memory in use after: 213.3 MB.

Unloading 5 unused Assets to reduce memory usage. Loaded Objects now: 3245.
Total: 7.042826 ms (FindLiveObjects: 1.105383 ms CreateObjectMapping: 0.632823 ms MarkObjects: 5.256770 ms  DeleteObjects: 0.045401 ms)

========================================================================
Received Prepare
Registering precompiled user dll's ...
Registered in 0.003814 seconds.
Begin MonoManager ReloadAssembly
Native extension for OSXStandalone target not found
Refreshing native plugins compatible for Editor in 0.64 ms, found 1 plugins.
Preloading 0 native plugins for Editor in 0.00 ms.
Invoked RoslynAnalysisRunner static constructor.
RoslynAnalysisRunner will not be running.
RoslynAnalysisRunner has terminated.
Mono: successfully reloaded assembly
- Completed reload, in  1.358 seconds
Platform modules already initialized, skipping
Shader 'Universal Render Pipeline/Particles/Lit': fallback shader 'Universal Render Pipeline/Particles/SimpleLit' not found
Refreshing native plugins compatible for Editor in 0.72 ms, found 1 plugins.
Preloading 0 native plugins for Editor in 0.00 ms.
Unloading 2595 Unused Serialized files (Serialized files now loaded: 0)
System memory in use before: 213.7 MB.
System memory in use after: 213.9 MB.

Unloading 5 unused Assets to reduce memory usage. Loaded Objects now: 3247.
Total: 3.247500 ms (FindLiveObjects: 0.589842 ms CreateObjectMapping: 0.204482 ms MarkObjects: 2.424651 ms  DeleteObjects: 0.026018 ms)

========================================================================
Received Prepare
Registering precompiled user dll's ...
Registered in 0.000832 seconds.
Begin MonoManager ReloadAssembly
Native extension for OSXStandalone target not found
Refreshing native plugins compatible for Editor in 0.43 ms, found 1 plugins.
Preloading 0 native plugins for Editor in 0.00 ms.
Invoked RoslynAnalysisRunner static constructor.
RoslynAnalysisRunner will not be running.
RoslynAnalysisRunner has terminated.
Mono: successfully reloaded assembly
- Completed reload, in  1.350 seconds
Platform modules already initialized, skipping
Shader 'Universal Render Pipeline/Particles/Lit': fallback shader 'Universal Render Pipeline/Particles/SimpleLit' not found
Refreshing native plugins compatible for Editor in 0.38 ms, found 1 plugins.
Preloading 0 native plugins for Editor in 0.00 ms.
Unloading 2595 Unused Serialized files (Serialized files now loaded: 0)
System memory in use before: 214.4 MB.
System memory in use after: 214.6 MB.

Unloading 5 unused Assets to reduce memory usage. Loaded Objects now: 3249.
Total: 2.423342 ms (FindLiveObjects: 0.382980 ms CreateObjectMapping: 0.114122 ms MarkObjects: 1.900650 ms  DeleteObjects: 0.024043 ms)

========================================================================
Received Prepare
Registering precompiled user dll's ...
Registered in 0.002834 seconds.
Begin MonoManager ReloadAssembly
Native extension for OSXStandalone target not found
Refreshing native plugins compatible for Editor in 0.99 ms, found 1 plugins.
Preloading 0 native plugins for Editor in 0.00 ms.
Invoked RoslynAnalysisRunner static constructor.
RoslynAnalysisRunner will not be running.
RoslynAnalysisRunner has terminated.
Mono: successfully reloaded assembly
- Completed reload, in  1.525 seconds
Platform modules already initialized, skipping
Shader 'Universal Render Pipeline/Particles/Lit': fallback shader 'Universal Render Pipeline/Particles/SimpleLit' not found
Refreshing native plugins compatible for Editor in 0.47 ms, found 1 plugins.
Preloading 0 native plugins for Editor in 0.00 ms.
Unloading 2595 Unused Serialized files (Serialized files now loaded: 0)
System memory in use before: 215.0 MB.
System memory in use after: 215.2 MB.

Unloading 5 unused Assets to reduce memory usage. Loaded Objects now: 3251.
Total: 3.488833 ms (FindLiveObjects: 0.328497 ms CreateObjectMapping: 0.116164 ms MarkObjects: 2.983078 ms  DeleteObjects: 0.059037 ms)

========================================================================
Received Prepare
Registering precompiled user dll's ...
Registered in 0.000711 seconds.
Begin MonoManager ReloadAssembly
Native extension for OSXStandalone target not found
Refreshing native plugins compatible for Editor in 0.49 ms, found 1 plugins.
Preloading 0 native plugins for Editor in 0.00 ms.
Invoked RoslynAnalysisRunner static constructor.
RoslynAnalysisRunner will not be running.
RoslynAnalysisRunner has terminated.
Mono: successfully reloaded assembly
- Completed reload, in  1.466 seconds
Platform modules already initialized, skipping
Shader 'Universal Render Pipeline/Particles/Lit': fallback shader 'Universal Render Pipeline/Particles/SimpleLit' not found
Refreshing native plugins compatible for Editor in 0.42 ms, found 1 plugins.
Preloading 0 native plugins for Editor in 0.00 ms.
Unloading 2595 Unused Serialized files (Serialized files now loaded: 0)
System memory in use before: 215.6 MB.
System memory in use after: 215.8 MB.

Unloading 5 unused Assets to reduce memory usage. Loaded Objects now: 3253.
Total: 4.180657 ms (FindLiveObjects: 0.601767 ms CreateObjectMapping: 0.198267 ms MarkObjects: 3.330081 ms  DeleteObjects: 0.047955 ms)

========================================================================
Received Prepare
Registering precompiled user dll's ...
Registered in 0.001258 seconds.
Begin MonoManager ReloadAssembly
Native extension for OSXStandalone target not found
Refreshing native plugins compatible for Editor in 0.44 ms, found 1 plugins.
Preloading 0 native plugins for Editor in 0.00 ms.
Invoked RoslynAnalysisRunner static constructor.
RoslynAnalysisRunner will not be running.
RoslynAnalysisRunner has terminated.
Mono: successfully reloaded assembly
- Completed reload, in  1.690 seconds
Platform modules already initialized, skipping
Shader 'Universal Render Pipeline/Particles/Lit': fallback shader 'Universal Render Pipeline/Particles/SimpleLit' not found
Refreshing native plugins compatible for Editor in 0.86 ms, found 1 plugins.
Preloading 0 native plugins for Editor in 0.00 ms.
Unloading 2595 Unused Serialized files (Serialized files now loaded: 0)
System memory in use before: 216.2 MB.
System memory in use after: 216.4 MB.

Unloading 5 unused Assets to reduce memory usage. Loaded Objects now: 3255.
Total: 4.313557 ms (FindLiveObjects: 0.523347 ms CreateObjectMapping: 0.190408 ms MarkObjects: 3.529349 ms  DeleteObjects: 0.065687 ms)

========================================================================
Received Prepare
Registering precompiled user dll's ...
Registered in 0.000726 seconds.
Begin MonoManager ReloadAssembly
Native extension for OSXStandalone target not found
Refreshing native plugins compatible for Editor in 0.42 ms, found 1 plugins.
Preloading 0 native plugins for Editor in 0.00 ms.
Invoked RoslynAnalysisRunner static constructor.
RoslynAnalysisRunner will not be running.
RoslynAnalysisRunner has terminated.
Mono: successfully reloaded assembly
- Completed reload, in  1.161 seconds
Platform modules already initialized, skipping
Shader 'Universal Render Pipeline/Particles/Lit': fallback shader 'Universal Render Pipeline/Particles/SimpleLit' not found
Refreshing native plugins compatible for Editor in 0.42 ms, found 1 plugins.
Preloading 0 native plugins for Editor in 0.00 ms.
Unloading 2595 Unused Serialized files (Serialized files now loaded: 0)
System memory in use before: 216.8 MB.
System memory in use after: 217.0 MB.

Unloading 5 unused Assets to reduce memory usage. Loaded Objects now: 3257.
Total: 2.144991 ms (FindLiveObjects: 0.309913 ms CreateObjectMapping: 0.145829 ms MarkObjects: 1.655176 ms  DeleteObjects: 0.020219 ms)

========================================================================
Received Prepare
Registering precompiled user dll's ...
Registered in 0.000770 seconds.
Begin MonoManager ReloadAssembly
Native extension for OSXStandalone target not found
Refreshing native plugins compatible for Editor in 1.20 ms, found 1 plugins.
Preloading 0 native plugins for Editor in 0.00 ms.
Invoked RoslynAnalysisRunner static constructor.
RoslynAnalysisRunner will not be running.
RoslynAnalysisRunner has terminated.
Mono: successfully reloaded assembly
- Completed reload, in  1.500 seconds
Platform modules already initialized, skipping
Shader 'Universal Render Pipeline/Particles/Lit': fallback shader 'Universal Render Pipeline/Particles/SimpleLit' not found
Refreshing native plugins compatible for Editor in 0.53 ms, found 1 plugins.
Preloading 0 native plugins for Editor in 0.00 ms.
Unloading 2595 Unused Serialized files (Serialized files now loaded: 0)
System memory in use before: 217.4 MB.
System memory in use after: 217.6 MB.

Unloading 5 unused Assets to reduce memory usage. Loaded Objects now: 3259.
Total: 3.758274 ms (FindLiveObjects: 0.675222 ms CreateObjectMapping: 0.173910 ms MarkObjects: 2.884021 ms  DeleteObjects: 0.023298 ms)

========================================================================
Received Prepare
Registering precompiled user dll's ...
Registered in 0.000816 seconds.
Begin MonoManager ReloadAssembly
Native extension for OSXStandalone target not found
Refreshing native plugins compatible for Editor in 0.46 ms, found 1 plugins.
Preloading 0 native plugins for Editor in 0.00 ms.
Invoked RoslynAnalysisRunner static constructor.
RoslynAnalysisRunner will not be running.
RoslynAnalysisRunner has terminated.
Mono: successfully reloaded assembly
- Completed reload, in  1.287 seconds
Platform modules already initialized, skipping
Shader 'Universal Render Pipeline/Particles/Lit': fallback shader 'Universal Render Pipeline/Particles/SimpleLit' not found
Refreshing native plugins compatible for Editor in 0.57 ms, found 1 plugins.
Preloading 0 native plugins for Editor in 0.00 ms.
Unloading 2596 Unused Serialized files (Serialized files now loaded: 0)
System memory in use before: 218.1 MB.
System memory in use after: 218.3 MB.

Unloading 5 unused Assets to reduce memory usage. Loaded Objects now: 3262.
Total: 2.266538 ms (FindLiveObjects: 0.376075 ms CreateObjectMapping: 0.096531 ms MarkObjects: 1.773769 ms  DeleteObjects: 0.017971 ms)

========================================================================
Received Prepare
Registering precompiled user dll's ...
Registered in 0.000780 seconds.
Begin MonoManager ReloadAssembly
Native extension for OSXStandalone target not found
Refreshing native plugins compatible for Editor in 0.56 ms, found 1 plugins.
Preloading 0 native plugins for Editor in 0.00 ms.
Invoked RoslynAnalysisRunner static constructor.
RoslynAnalysisRunner will not be running.
RoslynAnalysisRunner has terminated.
Mono: successfully reloaded assembly
- Completed reload, in  1.271 seconds
Platform modules already initialized, skipping
Shader 'Universal Render Pipeline/Particles/Lit': fallback shader 'Universal Render Pipeline/Particles/SimpleLit' not found
Refreshing native plugins compatible for Editor in 0.39 ms, found 1 plugins.
Preloading 0 native plugins for Editor in 0.00 ms.
Unloading 2596 Unused Serialized files (Serialized files now loaded: 0)
System memory in use before: 218.7 MB.
System memory in use after: 218.9 MB.

Unloading 5 unused Assets to reduce memory usage. Loaded Objects now: 3264.
Total: 2.369190 ms (FindLiveObjects: 0.331574 ms CreateObjectMapping: 0.148270 ms MarkObjects: 1.867352 ms  DeleteObjects: 0.019936 ms)

========================================================================
Received Import Request.
  Time since last request: 657.426268 seconds.
  path: Assets/Scripts/CameraController.cs
  artifactKey: Guid(44cc124be5f314b9088db1cdcca368aa) Importer(815301076,1909f56bfc062723c751e8b465ee728b)
Start importing Assets/Scripts/CameraController.cs using Guid(44cc124be5f314b9088db1cdcca368aa) Importer(815301076,1909f56bfc062723c751e8b465ee728b)  -> (artifact id: 'fd72e816cc33db3686551516f037bc4f') in 0.006596 seconds
  Import took 0.013470 seconds .

========================================================================
Received Import Request.
  Time since last request: 79.268830 seconds.
  path: Assets/Scripts/CameraController.cs
  artifactKey: Guid(44cc124be5f314b9088db1cdcca368aa) Importer(815301076,1909f56bfc062723c751e8b465ee728b)
Start importing Assets/Scripts/CameraController.cs using Guid(44cc124be5f314b9088db1cdcca368aa) Importer(815301076,1909f56bfc062723c751e8b465ee728b)  -> (artifact id: 'a39e4013f4cc8a05d850c6b04ab37e5d') in 0.002424 seconds
  Import took 0.010243 seconds .

========================================================================
Received Prepare
Registering precompiled user dll's ...
Registered in 0.000736 seconds.
Begin MonoManager ReloadAssembly
Native extension for OSXStandalone target not found
Refreshing native plugins compatible for Editor in 0.40 ms, found 1 plugins.
Preloading 0 native plugins for Editor in 0.00 ms.
Invoked RoslynAnalysisRunner static constructor.
RoslynAnalysisRunner will not be running.
RoslynAnalysisRunner has terminated.
Mono: successfully reloaded assembly
- Completed reload, in  1.163 seconds
Platform modules already initialized, skipping
Shader 'Universal Render Pipeline/Particles/Lit': fallback shader 'Universal Render Pipeline/Particles/SimpleLit' not found
Refreshing native plugins compatible for Editor in 0.40 ms, found 1 plugins.
Preloading 0 native plugins for Editor in 0.00 ms.
Unloading 2596 Unused Serialized files (Serialized files now loaded: 0)
System memory in use before: 219.3 MB.
System memory in use after: 219.5 MB.

Unloading 5 unused Assets to reduce memory usage. Loaded Objects now: 3266.
Total: 2.572326 ms (FindLiveObjects: 0.292839 ms CreateObjectMapping: 0.099903 ms MarkObjects: 2.147752 ms  DeleteObjects: 0.030072 ms)

========================================================================
Received Prepare
Registering precompiled user dll's ...
Registered in 0.002689 seconds.
Begin MonoManager ReloadAssembly
Native extension for OSXStandalone target not found
Refreshing native plugins compatible for Editor in 0.53 ms, found 1 plugins.
Preloading 0 native plugins for Editor in 0.00 ms.
Invoked RoslynAnalysisRunner static constructor.
RoslynAnalysisRunner will not be running.
RoslynAnalysisRunner has terminated.
Mono: successfully reloaded assembly
- Completed reload, in  1.271 seconds
Platform modules already initialized, skipping
Shader 'Universal Render Pipeline/Particles/Lit': fallback shader 'Universal Render Pipeline/Particles/SimpleLit' not found
Refreshing native plugins compatible for Editor in 0.43 ms, found 1 plugins.
Preloading 0 native plugins for Editor in 0.00 ms.
Unloading 2596 Unused Serialized files (Serialized files now loaded: 0)
System memory in use before: 219.9 MB.
System memory in use after: 220.1 MB.

Unloading 5 unused Assets to reduce memory usage. Loaded Objects now: 3268.
Total: 2.601793 ms (FindLiveObjects: 0.376763 ms CreateObjectMapping: 0.220132 ms MarkObjects: 1.983591 ms  DeleteObjects: 0.020255 ms)

========================================================================
Received Import Request.
  Time since last request: 340.961381 seconds.
  path: Assets/Materials/W.mat
  artifactKey: Guid(079ef820a0804457e8392de8b1bcb9e2) Importer(815301076,1909f56bfc062723c751e8b465ee728b)
Start importing Assets/Materials/W.mat using Guid(079ef820a0804457e8392de8b1bcb9e2) Importer(815301076,1909f56bfc062723c751e8b465ee728b)  -> (artifact id: '6f3145b32161fc5770d905307998688a') in 0.218662 seconds
  Import took 0.225803 seconds .

========================================================================
Received Import Request.
  Time since last request: 0.060789 seconds.
  path: Assets/Materials/W.mat
  artifactKey: Guid(079ef820a0804457e8392de8b1bcb9e2) Importer(815301076,1909f56bfc062723c751e8b465ee728b)
Start importing Assets/Materials/W.mat using Guid(079ef820a0804457e8392de8b1bcb9e2) Importer(815301076,1909f56bfc062723c751e8b465ee728b)  -> (artifact id: '82948bcf1f42a2c227c38be4dba7a94b') in 0.012648 seconds
  Import took 0.021266 seconds .

========================================================================
Received Import Request.
  Time since last request: 0.024735 seconds.
  path: Assets/Materials/W.mat
  artifactKey: Guid(079ef820a0804457e8392de8b1bcb9e2) Importer(815301076,1909f56bfc062723c751e8b465ee728b)
Start importing Assets/Materials/W.mat using Guid(079ef820a0804457e8392de8b1bcb9e2) Importer(815301076,1909f56bfc062723c751e8b465ee728b)  -> (artifact id: '82948bcf1f42a2c227c38be4dba7a94b') in 0.009167 seconds
  Import took 0.014191 seconds .

========================================================================
Received Import Request.
  Time since last request: 62.006742 seconds.
  path: Assets/Materials/Walls.mat
  artifactKey: Guid(079ef820a0804457e8392de8b1bcb9e2) Importer(815301076,1909f56bfc062723c751e8b465ee728b)
Start importing Assets/Materials/Walls.mat using Guid(079ef820a0804457e8392de8b1bcb9e2) Importer(815301076,1909f56bfc062723c751e8b465ee728b)  -> (artifact id: '1a315a49f7567a98601ab60b6abeb84b') in 0.015617 seconds
  Import took 0.024244 seconds .

========================================================================
Received Prepare
Registering precompiled user dll's ...
Registered in 0.003334 seconds.
Begin MonoManager ReloadAssembly
Native extension for OSXStandalone target not found
Refreshing native plugins compatible for Editor in 0.42 ms, found 1 plugins.
Preloading 0 native plugins for Editor in 0.00 ms.
Invoked RoslynAnalysisRunner static constructor.
RoslynAnalysisRunner will not be running.
RoslynAnalysisRunner has terminated.
Mono: successfully reloaded assembly
- Completed reload, in  1.238 seconds
Platform modules already initialized, skipping
Shader 'Universal Render Pipeline/Particles/Lit': fallback shader 'Universal Render Pipeline/Particles/SimpleLit' not found
Refreshing native plugins compatible for Editor in 0.47 ms, found 1 plugins.
Preloading 0 native plugins for Editor in 0.00 ms.
Unloading 2596 Unused Serialized files (Serialized files now loaded: 0)
System memory in use before: 220.8 MB.
System memory in use after: 221.1 MB.

Unloading 5 unused Assets to reduce memory usage. Loaded Objects now: 3306.
Total: 3.163088 ms (FindLiveObjects: 0.511441 ms CreateObjectMapping: 0.161952 ms MarkObjects: 2.460952 ms  DeleteObjects: 0.024026 ms)

========================================================================
Received Import Request.
  Time since last request: 359.497638 seconds.
  path: Assets/Scenes/MiniGame.unity
  artifactKey: Guid(9322a39f133044428b44932b67fd70cb) Importer(815301076,1909f56bfc062723c751e8b465ee728b)
Start importing Assets/Scenes/MiniGame.unity using Guid(9322a39f133044428b44932b67fd70cb) Importer(815301076,1909f56bfc062723c751e8b465ee728b)  -> (artifact id: '0595a450bdfc68f82c567e1b02f6b91b') in 0.016942 seconds
  Import took 0.023118 seconds .

========================================================================
Received Import Request.
  Time since last request: 164.470996 seconds.
  path: Assets/Scenes/MiniGame.unity
  artifactKey: Guid(9322a39f133044428b44932b67fd70cb) Importer(815301076,1909f56bfc062723c751e8b465ee728b)
Start importing Assets/Scenes/MiniGame.unity using Guid(9322a39f133044428b44932b67fd70cb) Importer(815301076,1909f56bfc062723c751e8b465ee728b)  -> (artifact id: '9d874d7d75ea310cc625691d220b8ab6') in 0.002650 seconds
  Import took 0.014656 seconds .

========================================================================
Received Import Request.
  Time since last request: 189.857869 seconds.
  path: Assets/Materials/PickUp.mat
  artifactKey: Guid(43ef08dac7b934280b69e06b8f2b0f0d) Importer(815301076,1909f56bfc062723c751e8b465ee728b)
Start importing Assets/Materials/PickUp.mat using Guid(43ef08dac7b934280b69e06b8f2b0f0d) Importer(815301076,1909f56bfc062723c751e8b465ee728b)  -> (artifact id: 'e244a22c7e138ee0f8df4df8904d069c') in 0.219906 seconds
  Import took 0.226588 seconds .

========================================================================
Received Prepare
Registering precompiled user dll's ...
Registered in 0.000834 seconds.
Begin MonoManager ReloadAssembly
Native extension for OSXStandalone target not found
Refreshing native plugins compatible for Editor in 0.49 ms, found 1 plugins.
Preloading 0 native plugins for Editor in 0.00 ms.
Invoked RoslynAnalysisRunner static constructor.
RoslynAnalysisRunner will not be running.
RoslynAnalysisRunner has terminated.
Mono: successfully reloaded assembly
- Completed reload, in  1.171 seconds
Platform modules already initialized, skipping
Shader 'Universal Render Pipeline/Particles/Lit': fallback shader 'Universal Render Pipeline/Particles/SimpleLit' not found
Refreshing native plugins compatible for Editor in 0.54 ms, found 1 plugins.
Preloading 0 native plugins for Editor in 0.00 ms.
Unloading 2597 Unused Serialized files (Serialized files now loaded: 0)
System memory in use before: 221.7 MB.
System memory in use after: 221.9 MB.

Unloading 5 unused Assets to reduce memory usage. Loaded Objects now: 3345.
Total: 2.243838 ms (FindLiveObjects: 0.350133 ms CreateObjectMapping: 0.087522 ms MarkObjects: 1.784125 ms  DeleteObjects: 0.018798 ms)

========================================================================
Received Prepare
Registering precompiled user dll's ...
Registered in 0.001136 seconds.
Begin MonoManager ReloadAssembly
Native extension for OSXStandalone target not found
Refreshing native plugins compatible for Editor in 0.40 ms, found 1 plugins.
Preloading 0 native plugins for Editor in 0.00 ms.
Invoked RoslynAnalysisRunner static constructor.
RoslynAnalysisRunner will not be running.
RoslynAnalysisRunner has terminated.
Mono: successfully reloaded assembly
- Completed reload, in  1.151 seconds
Platform modules already initialized, skipping
Shader 'Universal Render Pipeline/Particles/Lit': fallback shader 'Universal Render Pipeline/Particles/SimpleLit' not found
Refreshing native plugins compatible for Editor in 0.41 ms, found 1 plugins.
Preloading 0 native plugins for Editor in 0.00 ms.
Unloading 2597 Unused Serialized files (Serialized files now loaded: 0)
System memory in use before: 222.3 MB.
System memory in use after: 222.5 MB.

Unloading 5 unused Assets to reduce memory usage. Loaded Objects now: 3347.
Total: 3.336478 ms (FindLiveObjects: 0.533478 ms CreateObjectMapping: 0.170615 ms MarkObjects: 2.582814 ms  DeleteObjects: 0.047790 ms)

========================================================================
Received Import Request.
  Time since last request: 54.391936 seconds.
  path: Assets/Scripts/Rotator.cs
  artifactKey: Guid(37c0ff2d5d56f4935aaf811ed5b26e95) Importer(815301076,1909f56bfc062723c751e8b465ee728b)
Start importing Assets/Scripts/Rotator.cs using Guid(37c0ff2d5d56f4935aaf811ed5b26e95) Importer(815301076,1909f56bfc062723c751e8b465ee728b)  -> (artifact id: '59b0c25b380bbfd8708fb111e7c37308') in 0.008080 seconds
  Import took 0.018068 seconds .

========================================================================
Received Import Request.
  Time since last request: 0.004035 seconds.
  path: Assets/Scripts/Rotator.cs
  artifactKey: Guid(37c0ff2d5d56f4935aaf811ed5b26e95) Importer(815301076,1909f56bfc062723c751e8b465ee728b)
Start importing Assets/Scripts/Rotator.cs using Guid(37c0ff2d5d56f4935aaf811ed5b26e95) Importer(815301076,1909f56bfc062723c751e8b465ee728b)  -> (artifact id: '59b0c25b380bbfd8708fb111e7c37308') in 0.004324 seconds
  Import took 0.015602 seconds .

========================================================================
Received Import Request.
  Time since last request: 18.895623 seconds.
  path: Assets/Scripts/Rotator.cs
  artifactKey: Guid(37c0ff2d5d56f4935aaf811ed5b26e95) Importer(815301076,1909f56bfc062723c751e8b465ee728b)
Start importing Assets/Scripts/Rotator.cs using Guid(37c0ff2d5d56f4935aaf811ed5b26e95) Importer(815301076,1909f56bfc062723c751e8b465ee728b)  -> (artifact id: 'a84e55c2050193d4aec05734a5a90d85') in 0.002390 seconds
  Import took 0.008674 seconds .

========================================================================
Received Import Request.
  Time since last request: 0.131186 seconds.
  path: Assets/Scripts/Rotator.cs
  artifactKey: Guid(37c0ff2d5d56f4935aaf811ed5b26e95) Importer(815301076,1909f56bfc062723c751e8b465ee728b)
Start importing Assets/Scripts/Rotator.cs using Guid(37c0ff2d5d56f4935aaf811ed5b26e95) Importer(815301076,1909f56bfc062723c751e8b465ee728b)  -> (artifact id: 'a84e55c2050193d4aec05734a5a90d85') in 0.002968 seconds
  Import took 0.010436 seconds .

========================================================================
Received Prepare
Registering precompiled user dll's ...
Registered in 0.000718 seconds.
Begin MonoManager ReloadAssembly
Native extension for OSXStandalone target not found
Refreshing native plugins compatible for Editor in 0.40 ms, found 1 plugins.
Preloading 0 native plugins for Editor in 0.00 ms.
Invoked RoslynAnalysisRunner static constructor.
RoslynAnalysisRunner will not be running.
RoslynAnalysisRunner has terminated.
Mono: successfully reloaded assembly
- Completed reload, in  1.364 seconds
Platform modules already initialized, skipping
Shader 'Universal Render Pipeline/Particles/Lit': fallback shader 'Universal Render Pipeline/Particles/SimpleLit' not found
Refreshing native plugins compatible for Editor in 0.39 ms, found 1 plugins.
Preloading 0 native plugins for Editor in 0.00 ms.
Unloading 2597 Unused Serialized files (Serialized files now loaded: 0)
System memory in use before: 222.9 MB.
System memory in use after: 223.1 MB.

Unloading 5 unused Assets to reduce memory usage. Loaded Objects now: 3349.
Total: 2.690740 ms (FindLiveObjects: 0.388872 ms CreateObjectMapping: 0.141982 ms MarkObjects: 2.139633 ms  DeleteObjects: 0.018361 ms)

========================================================================
Received Prepare
Registering precompiled user dll's ...
Registered in 0.001150 seconds.
Begin MonoManager ReloadAssembly
Native extension for OSXStandalone target not found
Refreshing native plugins compatible for Editor in 0.99 ms, found 1 plugins.
Preloading 0 native plugins for Editor in 0.00 ms.
Invoked RoslynAnalysisRunner static constructor.
RoslynAnalysisRunner will not be running.
RoslynAnalysisRunner has terminated.
Mono: successfully reloaded assembly
- Completed reload, in  1.622 seconds
Platform modules already initialized, skipping
Shader 'Universal Render Pipeline/Particles/Lit': fallback shader 'Universal Render Pipeline/Particles/SimpleLit' not found
Refreshing native plugins compatible for Editor in 2.51 ms, found 1 plugins.
Preloading 0 native plugins for Editor in 0.00 ms.
Unloading 2597 Unused Serialized files (Serialized files now loaded: 0)
System memory in use before: 223.5 MB.
System memory in use after: 223.7 MB.

Unloading 5 unused Assets to reduce memory usage. Loaded Objects now: 3351.
Total: 5.282588 ms (FindLiveObjects: 0.780799 ms CreateObjectMapping: 0.317135 ms MarkObjects: 4.160507 ms  DeleteObjects: 0.021972 ms)

========================================================================
Received Import Request.
  Time since last request: 42.558700 seconds.
  path: Assets/Prefabs
  artifactKey: Guid(84fcac69f37ef48e0bc4745853c94e02) Importer(815301076,1909f56bfc062723c751e8b465ee728b)
Start importing Assets/Prefabs using Guid(84fcac69f37ef48e0bc4745853c94e02) Importer(815301076,1909f56bfc062723c751e8b465ee728b)  -> (artifact id: '64e3a9768d90ff78b8feac8908f279b0') in 0.013206 seconds
  Import took 0.023131 seconds .

========================================================================
Received Import Request.
  Time since last request: 12.593486 seconds.
  path: Assets/Prefabs/PickUp.prefab
  artifactKey: Guid(e4de0eaa7ee3e4fa781f2a682d7673a8) Importer(815301076,1909f56bfc062723c751e8b465ee728b)
Start importing Assets/Prefabs/PickUp.prefab using Guid(e4de0eaa7ee3e4fa781f2a682d7673a8) Importer(815301076,1909f56bfc062723c751e8b465ee728b)  -> (artifact id: 'ac9faa799f60ecf5115ea030ca089d34') in 0.588721 seconds
  Import took 0.594909 seconds .

========================================================================
Received Prepare
Registering precompiled user dll's ...
Registered in 0.005219 seconds.
Begin MonoManager ReloadAssembly
Native extension for OSXStandalone target not found
Refreshing native plugins compatible for Editor in 0.40 ms, found 1 plugins.
Preloading 0 native plugins for Editor in 0.00 ms.
Invoked RoslynAnalysisRunner static constructor.
RoslynAnalysisRunner will not be running.
RoslynAnalysisRunner has terminated.
Mono: successfully reloaded assembly
- Completed reload, in  1.401 seconds
Platform modules already initialized, skipping
Shader 'Universal Render Pipeline/Particles/Lit': fallback shader 'Universal Render Pipeline/Particles/SimpleLit' not found
Refreshing native plugins compatible for Editor in 0.48 ms, found 1 plugins.
Preloading 0 native plugins for Editor in 0.00 ms.
Unloading 2597 Unused Serialized files (Serialized files now loaded: 0)
System memory in use before: 228.5 MB.
System memory in use after: 228.8 MB.

Unloading 5 unused Assets to reduce memory usage. Loaded Objects now: 3390.
Total: 3.226415 ms (FindLiveObjects: 0.354943 ms CreateObjectMapping: 0.092485 ms MarkObjects: 2.738716 ms  DeleteObjects: 0.038587 ms)

========================================================================
Received Prepare
Registering precompiled user dll's ...
Registered in 0.001012 seconds.
Begin MonoManager ReloadAssembly
Native extension for OSXStandalone target not found
Refreshing native plugins compatible for Editor in 0.47 ms, found 1 plugins.
Preloading 0 native plugins for Editor in 0.00 ms.
Invoked RoslynAnalysisRunner static constructor.
RoslynAnalysisRunner will not be running.
RoslynAnalysisRunner has terminated.
Mono: successfully reloaded assembly
- Completed reload, in  1.127 seconds
Platform modules already initialized, skipping
Shader 'Universal Render Pipeline/Particles/Lit': fallback shader 'Universal Render Pipeline/Particles/SimpleLit' not found
Refreshing native plugins compatible for Editor in 0.72 ms, found 1 plugins.
Preloading 0 native plugins for Editor in 0.00 ms.
Unloading 2597 Unused Serialized files (Serialized files now loaded: 0)
System memory in use before: 229.1 MB.
System memory in use after: 229.3 MB.

Unloading 5 unused Assets to reduce memory usage. Loaded Objects now: 3392.
Total: 2.533047 ms (FindLiveObjects: 0.361502 ms CreateObjectMapping: 0.117647 ms MarkObjects: 2.032740 ms  DeleteObjects: 0.019176 ms)

========================================================================
Received Prepare
Registering precompiled user dll's ...
Registered in 0.000811 seconds.
Begin MonoManager ReloadAssembly
Native extension for OSXStandalone target not found
Refreshing native plugins compatible for Editor in 0.53 ms, found 1 plugins.
Preloading 0 native plugins for Editor in 0.00 ms.
Invoked RoslynAnalysisRunner static constructor.
RoslynAnalysisRunner will not be running.
RoslynAnalysisRunner has terminated.
Mono: successfully reloaded assembly
- Completed reload, in  1.180 seconds
Platform modules already initialized, skipping
Shader 'Universal Render Pipeline/Particles/Lit': fallback shader 'Universal Render Pipeline/Particles/SimpleLit' not found
Refreshing native plugins compatible for Editor in 0.54 ms, found 1 plugins.
Preloading 0 native plugins for Editor in 0.00 ms.
Unloading 2597 Unused Serialized files (Serialized files now loaded: 0)
System memory in use before: 229.7 MB.
System memory in use after: 229.9 MB.

Unloading 5 unused Assets to reduce memory usage. Loaded Objects now: 3394.
Total: 2.859497 ms (FindLiveObjects: 0.451866 ms CreateObjectMapping: 0.136105 ms MarkObjects: 2.246992 ms  DeleteObjects: 0.020435 ms)

========================================================================
Received Import Request.
  Time since last request: 7014.670157 seconds.
  path: Assets/Scripts/PlayerController.cs
  artifactKey: Guid(c784fee32893d4a75ab38711cfd4768a) Importer(815301076,1909f56bfc062723c751e8b465ee728b)
Start importing Assets/Scripts/PlayerController.cs using Guid(c784fee32893d4a75ab38711cfd4768a) Importer(815301076,1909f56bfc062723c751e8b465ee728b)  -> (artifact id: '22576b0f305c3377e6613a4aee3e5dfd') in 0.016362 seconds
  Import took 0.023985 seconds .

========================================================================
Received Import Request.
  Time since last request: 76.772956 seconds.
  path: Assets/Scripts/PlayerController.cs
  artifactKey: Guid(c784fee32893d4a75ab38711cfd4768a) Importer(815301076,1909f56bfc062723c751e8b465ee728b)
Start importing Assets/Scripts/PlayerController.cs using Guid(c784fee32893d4a75ab38711cfd4768a) Importer(815301076,1909f56bfc062723c751e8b465ee728b)  -> (artifact id: 'a160104ff93ac41b4bace7d049e2f37c') in 0.002213 seconds
  Import took 0.007106 seconds .

========================================================================
Received Prepare
Registering precompiled user dll's ...
Registered in 0.000759 seconds.
Begin MonoManager ReloadAssembly
Native extension for OSXStandalone target not found
Refreshing native plugins compatible for Editor in 0.62 ms, found 1 plugins.
Preloading 0 native plugins for Editor in 0.00 ms.
Invoked RoslynAnalysisRunner static constructor.
RoslynAnalysisRunner will not be running.
RoslynAnalysisRunner has terminated.
Mono: successfully reloaded assembly
- Completed reload, in  1.235 seconds
Platform modules already initialized, skipping
Shader 'Universal Render Pipeline/Particles/Lit': fallback shader 'Universal Render Pipeline/Particles/SimpleLit' not found
Refreshing native plugins compatible for Editor in 0.53 ms, found 1 plugins.
Preloading 0 native plugins for Editor in 0.00 ms.
Unloading 2597 Unused Serialized files (Serialized files now loaded: 0)
System memory in use before: 230.4 MB.
System memory in use after: 230.6 MB.

Unloading 5 unused Assets to reduce memory usage. Loaded Objects now: 3396.
Total: 6.166576 ms (FindLiveObjects: 1.014330 ms CreateObjectMapping: 0.324678 ms MarkObjects: 4.780600 ms  DeleteObjects: 0.040920 ms)

========================================================================
Received Import Request.
  Time since last request: 62.117649 seconds.
  path: ProjectSettings/TagManager.asset
  artifactKey: Guid(00000000000000003000000000000000) Importer(815301076,1909f56bfc062723c751e8b465ee728b)
Start importing ProjectSettings/TagManager.asset using Guid(00000000000000003000000000000000) Importer(815301076,1909f56bfc062723c751e8b465ee728b)  -> (artifact id: '470e31d8d99a9e69b1c7af0e5dce13f0') in 0.121523 seconds
  Import took 0.126239 seconds .

========================================================================
Received Import Request.
  Time since last request: 38.931379 seconds.
  path: Assets/Prefabs/PickUp.prefab
  artifactKey: Guid(e4de0eaa7ee3e4fa781f2a682d7673a8) Importer(815301076,1909f56bfc062723c751e8b465ee728b)
Start importing Assets/Prefabs/PickUp.prefab using Guid(e4de0eaa7ee3e4fa781f2a682d7673a8) Importer(815301076,1909f56bfc062723c751e8b465ee728b)  -> (artifact id: '8c4b29f5ae84e95cf882c25bd25ae231') in 0.218088 seconds
  Import took 0.224465 seconds .

========================================================================
Received Prepare
Registering precompiled user dll's ...
Registered in 0.000809 seconds.
Begin MonoManager ReloadAssembly
Native extension for OSXStandalone target not found
Refreshing native plugins compatible for Editor in 0.40 ms, found 1 plugins.
Preloading 0 native plugins for Editor in 0.00 ms.
Invoked RoslynAnalysisRunner static constructor.
RoslynAnalysisRunner will not be running.
RoslynAnalysisRunner has terminated.
Mono: successfully reloaded assembly
- Completed reload, in  1.162 seconds
Platform modules already initialized, skipping
Shader 'Universal Render Pipeline/Particles/Lit': fallback shader 'Universal Render Pipeline/Particles/SimpleLit' not found
Refreshing native plugins compatible for Editor in 0.42 ms, found 1 plugins.
Preloading 0 native plugins for Editor in 0.00 ms.
Unloading 2597 Unused Serialized files (Serialized files now loaded: 0)
System memory in use before: 235.4 MB.
System memory in use after: 235.6 MB.

Unloading 6 unused Assets to reduce memory usage. Loaded Objects now: 3434.
Total: 2.730743 ms (FindLiveObjects: 0.319031 ms CreateObjectMapping: 0.119465 ms MarkObjects: 2.264734 ms  DeleteObjects: 0.025342 ms)

========================================================================
Received Import Request.
  Time since last request: 306.254023 seconds.
  path: Assets/Prefabs/PickUp.prefab
  artifactKey: Guid(e4de0eaa7ee3e4fa781f2a682d7673a8) Importer(815301076,1909f56bfc062723c751e8b465ee728b)
Start importing Assets/Prefabs/PickUp.prefab using Guid(e4de0eaa7ee3e4fa781f2a682d7673a8) Importer(815301076,1909f56bfc062723c751e8b465ee728b)  -> (artifact id: '36c5fc58adb54d7b0014e052871e03f6') in 0.218893 seconds
  Import took 0.227957 seconds .

========================================================================
Received Prepare
Registering precompiled user dll's ...
Registered in 0.000731 seconds.
Begin MonoManager ReloadAssembly
Native extension for OSXStandalone target not found
Refreshing native plugins compatible for Editor in 0.41 ms, found 1 plugins.
Preloading 0 native plugins for Editor in 0.00 ms.
Invoked RoslynAnalysisRunner static constructor.
RoslynAnalysisRunner will not be running.
RoslynAnalysisRunner has terminated.
Mono: successfully reloaded assembly
- Completed reload, in  1.302 seconds
Platform modules already initialized, skipping
Shader 'Universal Render Pipeline/Particles/Lit': fallback shader 'Universal Render Pipeline/Particles/SimpleLit' not found
Refreshing native plugins compatible for Editor in 0.42 ms, found 1 plugins.
Preloading 0 native plugins for Editor in 0.00 ms.
Unloading 2597 Unused Serialized files (Serialized files now loaded: 0)
System memory in use before: 236.3 MB.
System memory in use after: 236.5 MB.

Unloading 5 unused Assets to reduce memory usage. Loaded Objects now: 3472.
Total: 2.805417 ms (FindLiveObjects: 0.436726 ms CreateObjectMapping: 0.143641 ms MarkObjects: 2.200854 ms  DeleteObjects: 0.022254 ms)

========================================================================
Received Import Request.
  Time since last request: 75.740511 seconds.
  path: Assets/Prefabs/PickUp.prefab
  artifactKey: Guid(e4de0eaa7ee3e4fa781f2a682d7673a8) Importer(815301076,1909f56bfc062723c751e8b465ee728b)
Start importing Assets/Prefabs/PickUp.prefab using Guid(e4de0eaa7ee3e4fa781f2a682d7673a8) Importer(815301076,1909f56bfc062723c751e8b465ee728b)  -> (artifact id: 'efaf26ffb3a09fc2b9c5f8a9a421ab6f') in 0.229369 seconds
  Import took 0.234954 seconds .

========================================================================
Received Import Request.
  Time since last request: 24.031173 seconds.
  path: Assets/Prefabs/PickUp.prefab
  artifactKey: Guid(e4de0eaa7ee3e4fa781f2a682d7673a8) Importer(815301076,1909f56bfc062723c751e8b465ee728b)
Start importing Assets/Prefabs/PickUp.prefab using Guid(e4de0eaa7ee3e4fa781f2a682d7673a8) Importer(815301076,1909f56bfc062723c751e8b465ee728b)  -> (artifact id: '718c78783f30fca3fbafbc51dc7876cc') in 0.010291 seconds
  Import took 0.018479 seconds .

========================================================================
Received Import Request.
  Time since last request: 0.006963 seconds.
  path: Assets/Prefabs/PickUp.prefab
  artifactKey: Guid(e4de0eaa7ee3e4fa781f2a682d7673a8) Importer(815301076,1909f56bfc062723c751e8b465ee728b)
Start importing Assets/Prefabs/PickUp.prefab using Guid(e4de0eaa7ee3e4fa781f2a682d7673a8) Importer(815301076,1909f56bfc062723c751e8b465ee728b)  -> (artifact id: '718c78783f30fca3fbafbc51dc7876cc') in 0.011476 seconds
  Import took 0.019093 seconds .

========================================================================
Received Import Request.
  Time since last request: 5.129113 seconds.
  path: Assets/Prefabs/PickUp.prefab
  artifactKey: Guid(e4de0eaa7ee3e4fa781f2a682d7673a8) Importer(815301076,1909f56bfc062723c751e8b465ee728b)
Start importing Assets/Prefabs/PickUp.prefab using Guid(e4de0eaa7ee3e4fa781f2a682d7673a8) Importer(815301076,1909f56bfc062723c751e8b465ee728b)  -> (artifact id: '3764f77fd7f132d8ae6567ff75aebc4e') in 0.009753 seconds
  Import took 0.017683 seconds .

========================================================================
Received Import Request.
  Time since last request: 0.004861 seconds.
  path: Assets/Prefabs/PickUp.prefab
  artifactKey: Guid(e4de0eaa7ee3e4fa781f2a682d7673a8) Importer(815301076,1909f56bfc062723c751e8b465ee728b)
Start importing Assets/Prefabs/PickUp.prefab using Guid(e4de0eaa7ee3e4fa781f2a682d7673a8) Importer(815301076,1909f56bfc062723c751e8b465ee728b)  -> (artifact id: '3764f77fd7f132d8ae6567ff75aebc4e') in 0.010442 seconds
  Import took 0.016975 seconds .

========================================================================
Received Prepare
Registering precompiled user dll's ...
Registered in 0.005653 seconds.
Begin MonoManager ReloadAssembly
Native extension for OSXStandalone target not found
Refreshing native plugins compatible for Editor in 0.57 ms, found 1 plugins.
Preloading 0 native plugins for Editor in 0.00 ms.
Invoked RoslynAnalysisRunner static constructor.
RoslynAnalysisRunner will not be running.
RoslynAnalysisRunner has terminated.
Mono: successfully reloaded assembly
- Completed reload, in  1.285 seconds
Platform modules already initialized, skipping
Shader 'Universal Render Pipeline/Particles/Lit': fallback shader 'Universal Render Pipeline/Particles/SimpleLit' not found
Refreshing native plugins compatible for Editor in 0.39 ms, found 1 plugins.
Preloading 0 native plugins for Editor in 0.00 ms.
Unloading 2597 Unused Serialized files (Serialized files now loaded: 0)
System memory in use before: 237.2 MB.
System memory in use after: 237.4 MB.

Unloading 5 unused Assets to reduce memory usage. Loaded Objects now: 3510.
Total: 2.794668 ms (FindLiveObjects: 0.391573 ms CreateObjectMapping: 0.089578 ms MarkObjects: 2.288439 ms  DeleteObjects: 0.023576 ms)

========================================================================
Received Prepare
Registering precompiled user dll's ...
Registered in 0.001081 seconds.
Begin MonoManager ReloadAssembly
Native extension for OSXStandalone target not found
Refreshing native plugins compatible for Editor in 0.40 ms, found 1 plugins.
Preloading 0 native plugins for Editor in 0.00 ms.
Invoked RoslynAnalysisRunner static constructor.
RoslynAnalysisRunner will not be running.
RoslynAnalysisRunner has terminated.
Mono: successfully reloaded assembly
- Completed reload, in  1.098 seconds
Platform modules already initialized, skipping
Shader 'Universal Render Pipeline/Particles/Lit': fallback shader 'Universal Render Pipeline/Particles/SimpleLit' not found
Refreshing native plugins compatible for Editor in 0.54 ms, found 1 plugins.
Preloading 0 native plugins for Editor in 0.00 ms.
Unloading 2610 Unused Serialized files (Serialized files now loaded: 0)
System memory in use before: 239.5 MB.
System memory in use after: 239.1 MB.

Unloading 18 unused Assets to reduce memory usage. Loaded Objects now: 3512.
Total: 3.390781 ms (FindLiveObjects: 0.448853 ms CreateObjectMapping: 0.135518 ms MarkObjects: 2.434540 ms  DeleteObjects: 0.370204 ms)

========================================================================
Received Import Request.
  Time since last request: 748.527628 seconds.
  path: Assets/Scripts/PlayerController.cs
  artifactKey: Guid(c784fee32893d4a75ab38711cfd4768a) Importer(815301076,1909f56bfc062723c751e8b465ee728b)
Start importing Assets/Scripts/PlayerController.cs using Guid(c784fee32893d4a75ab38711cfd4768a) Importer(815301076,1909f56bfc062723c751e8b465ee728b)  -> (artifact id: '8d8e316c479304887cba20c1ca93ce5c') in 0.005073 seconds
  Import took 0.011103 seconds .

========================================================================
Received Prepare
Registering precompiled user dll's ...
Registered in 0.000932 seconds.
Begin MonoManager ReloadAssembly
Native extension for OSXStandalone target not found
Refreshing native plugins compatible for Editor in 0.64 ms, found 1 plugins.
Preloading 0 native plugins for Editor in 0.00 ms.
Invoked RoslynAnalysisRunner static constructor.
RoslynAnalysisRunner will not be running.
RoslynAnalysisRunner has terminated.
Mono: successfully reloaded assembly
- Completed reload, in  1.259 seconds
Platform modules already initialized, skipping
Shader 'Universal Render Pipeline/Particles/Lit': fallback shader 'Universal Render Pipeline/Particles/SimpleLit' not found
Refreshing native plugins compatible for Editor in 0.43 ms, found 1 plugins.
Preloading 0 native plugins for Editor in 0.00 ms.
Unloading 2610 Unused Serialized files (Serialized files now loaded: 0)
System memory in use before: 240.2 MB.
System memory in use after: 239.8 MB.

Unloading 18 unused Assets to reduce memory usage. Loaded Objects now: 3514.
Total: 3.901696 ms (FindLiveObjects: 0.545172 ms CreateObjectMapping: 0.174831 ms MarkObjects: 2.656232 ms  DeleteObjects: 0.522971 ms)

========================================================================
Received Prepare
Registering precompiled user dll's ...
Registered in 0.004008 seconds.
Begin MonoManager ReloadAssembly
Native extension for OSXStandalone target not found
Refreshing native plugins compatible for Editor in 0.41 ms, found 1 plugins.
Preloading 0 native plugins for Editor in 0.00 ms.
Invoked RoslynAnalysisRunner static constructor.
RoslynAnalysisRunner will not be running.
RoslynAnalysisRunner has terminated.
Mono: successfully reloaded assembly
- Completed reload, in  1.595 seconds
Platform modules already initialized, skipping
Shader 'Universal Render Pipeline/Particles/Lit': fallback shader 'Universal Render Pipeline/Particles/SimpleLit' not found
Refreshing native plugins compatible for Editor in 0.43 ms, found 1 plugins.
Preloading 0 native plugins for Editor in 0.00 ms.
Unloading 2610 Unused Serialized files (Serialized files now loaded: 0)
System memory in use before: 240.8 MB.
System memory in use after: 240.4 MB.

Unloading 18 unused Assets to reduce memory usage. Loaded Objects now: 3516.
Total: 5.416184 ms (FindLiveObjects: 0.953440 ms CreateObjectMapping: 0.214610 ms MarkObjects: 3.417119 ms  DeleteObjects: 0.828357 ms)

========================================================================
Received Prepare
Registering precompiled user dll's ...
Registered in 0.004676 seconds.
Begin MonoManager ReloadAssembly
Native extension for OSXStandalone target not found
Refreshing native plugins compatible for Editor in 0.45 ms, found 1 plugins.
Preloading 0 native plugins for Editor in 0.00 ms.
Invoked RoslynAnalysisRunner static constructor.
RoslynAnalysisRunner will not be running.
RoslynAnalysisRunner has terminated.
Mono: successfully reloaded assembly
- Completed reload, in  1.218 seconds
Platform modules already initialized, skipping
Shader 'Universal Render Pipeline/Particles/Lit': fallback shader 'Universal Render Pipeline/Particles/SimpleLit' not found
Refreshing native plugins compatible for Editor in 0.53 ms, found 1 plugins.
Preloading 0 native plugins for Editor in 0.00 ms.
Unloading 2610 Unused Serialized files (Serialized files now loaded: 0)
System memory in use before: 241.4 MB.
System memory in use after: 241.0 MB.

Unloading 18 unused Assets to reduce memory usage. Loaded Objects now: 3518.
Total: 3.460983 ms (FindLiveObjects: 0.430040 ms CreateObjectMapping: 0.150375 ms MarkObjects: 2.459658 ms  DeleteObjects: 0.417164 ms)

========================================================================
Received Prepare
Registering precompiled user dll's ...
Registered in 0.004080 seconds.
Begin MonoManager ReloadAssembly
Native extension for OSXStandalone target not found
Refreshing native plugins compatible for Editor in 0.44 ms, found 1 plugins.
Preloading 0 native plugins for Editor in 0.00 ms.
Invoked RoslynAnalysisRunner static constructor.
RoslynAnalysisRunner will not be running.
RoslynAnalysisRunner has terminated.
Mono: successfully reloaded assembly
- Completed reload, in  1.274 seconds
Platform modules already initialized, skipping
Shader 'Universal Render Pipeline/Particles/Lit': fallback shader 'Universal Render Pipeline/Particles/SimpleLit' not found
Refreshing native plugins compatible for Editor in 0.41 ms, found 1 plugins.
Preloading 0 native plugins for Editor in 0.00 ms.
Unloading 2610 Unused Serialized files (Serialized files now loaded: 0)
System memory in use before: 242.0 MB.
System memory in use after: 241.7 MB.

Unloading 18 unused Assets to reduce memory usage. Loaded Objects now: 3520.
Total: 3.048963 ms (FindLiveObjects: 0.376801 ms CreateObjectMapping: 0.137366 ms MarkObjects: 2.102301 ms  DeleteObjects: 0.430911 ms)

========================================================================
Received Prepare
Registering precompiled user dll's ...
Registered in 0.000820 seconds.
Begin MonoManager ReloadAssembly
Native extension for OSXStandalone target not found
Refreshing native plugins compatible for Editor in 0.45 ms, found 1 plugins.
Preloading 0 native plugins for Editor in 0.00 ms.
Invoked RoslynAnalysisRunner static constructor.
RoslynAnalysisRunner will not be running.
RoslynAnalysisRunner has terminated.
Mono: successfully reloaded assembly
- Completed reload, in  1.206 seconds
Platform modules already initialized, skipping
Shader 'Universal Render Pipeline/Particles/Lit': fallback shader 'Universal Render Pipeline/Particles/SimpleLit' not found
Refreshing native plugins compatible for Editor in 0.51 ms, found 1 plugins.
Preloading 0 native plugins for Editor in 0.00 ms.
Unloading 2610 Unused Serialized files (Serialized files now loaded: 0)
System memory in use before: 242.7 MB.
System memory in use after: 242.3 MB.

Unloading 18 unused Assets to reduce memory usage. Loaded Objects now: 3522.
Total: 3.331604 ms (FindLiveObjects: 0.299744 ms CreateObjectMapping: 0.101665 ms MarkObjects: 2.527603 ms  DeleteObjects: 0.399715 ms)

========================================================================
Received Prepare
Registering precompiled user dll's ...
Registered in 0.000717 seconds.
Begin MonoManager ReloadAssembly
Native extension for OSXStandalone target not found
Refreshing native plugins compatible for Editor in 0.40 ms, found 1 plugins.
Preloading 0 native plugins for Editor in 0.00 ms.
Invoked RoslynAnalysisRunner static constructor.
RoslynAnalysisRunner will not be running.
RoslynAnalysisRunner has terminated.
Mono: successfully reloaded assembly
- Completed reload, in  1.158 seconds
Platform modules already initialized, skipping
Shader 'Universal Render Pipeline/Particles/Lit': fallback shader 'Universal Render Pipeline/Particles/SimpleLit' not found
Refreshing native plugins compatible for Editor in 0.41 ms, found 1 plugins.
Preloading 0 native plugins for Editor in 0.00 ms.
Unloading 2610 Unused Serialized files (Serialized files now loaded: 0)
System memory in use before: 243.3 MB.
System memory in use after: 242.9 MB.

Unloading 18 unused Assets to reduce memory usage. Loaded Objects now: 3524.
Total: 3.268320 ms (FindLiveObjects: 0.366537 ms CreateObjectMapping: 0.116881 ms MarkObjects: 2.317279 ms  DeleteObjects: 0.465804 ms)

